{
  "RSpec": {
    "coverage": {
      "/Users/mac_1/Downloads/Personal/Projects/test-1-oegoau/spec/support/factory_bot.rb": {
        "lines": [
          null,
          null,
          1,
          null,
          1,
          1,
          null
        ]
      },
      "/Users/mac_1/Downloads/Personal/Projects/test-1-oegoau/spec/models/account_spec.rb": {
        "lines": [
          null,
          null,
          1,
          null,
          1,
          10,
          null,
          1,
          2,
          1,
          1,
          null,
          null,
          null,
          null,
          null,
          null,
          1,
          1,
          null,
          null,
          null,
          null,
          null,
          null,
          null,
          1,
          2,
          2,
          2,
          2,
          1,
          1,
          null,
          null,
          null,
          null,
          1,
          1,
          0,
          null,
          null,
          null,
          null,
          null,
          1,
          0,
          null,
          null,
          null,
          null,
          null,
          1,
          1,
          null,
          null,
          null,
          null,
          null
        ]
      },
      "/Users/mac_1/Downloads/Personal/Projects/test-1-oegoau/spec/rails_helper.rb": {
        "lines": [
          null,
          null,
          null,
          1,
          1,
          1,
          null,
          1,
          1,
          1,
          1,
          1,
          1,
          1,
          1,
          null,
          null,
          null,
          null,
          null,
          null,
          null,
          null,
          null,
          null,
          null,
          null,
          null,
          null,
          null,
          null,
          null,
          null,
          null,
          null,
          1,
          null,
          0,
          0,
          null,
          1,
          null,
          1,
          null,
          null,
          null,
          null,
          1,
          null,
          1,
          1,
          1,
          null,
          null,
          null,
          null,
          null,
          null,
          null,
          null,
          null,
          null,
          null,
          null,
          null,
          null,
          1,
          null,
          null,
          1,
          null,
          null,
          1,
          1,
          1,
          1,
          null,
          null,
          null,
          1,
          50,
          50,
          null,
          null,
          1,
          50,
          null,
          null,
          1,
          1,
          1,
          null,
          1,
          null,
          null
        ]
      },
      "/Users/mac_1/Downloads/Personal/Projects/test-1-oegoau/config/environment.rb": {
        "lines": [
          null,
          null,
          null,
          1,
          null,
          null,
          1
        ]
      },
      "/Users/mac_1/Downloads/Personal/Projects/test-1-oegoau/config/application.rb": {
        "lines": [
          null,
          null,
          1,
          null,
          1,
          null,
          1,
          1,
          1,
          1,
          1,
          1,
          1,
          1,
          null,
          null,
          null,
          null,
          null,
          1,
          null,
          1,
          1,
          null,
          1,
          null,
          null,
          null,
          null,
          null,
          null,
          null,
          null,
          null,
          1,
          null,
          null
        ]
      },
      "/Users/mac_1/Downloads/Personal/Projects/test-1-oegoau/config/boot.rb": {
        "lines": [
          null,
          null,
          1,
          null,
          1,
          1
        ]
      },
      "/Users/mac_1/Downloads/Personal/Projects/test-1-oegoau/config/environments/test.rb": {
        "lines": [
          null,
          null,
          1,
          null,
          null,
          null,
          null,
          null,
          null,
          1,
          null,
          null,
          null,
          null,
          1,
          null,
          null,
          1,
          1,
          null,
          null,
          null,
          null,
          1,
          1,
          null,
          null,
          1,
          null,
          null,
          1,
          null,
          null,
          1,
          null,
          1,
          null,
          null,
          null,
          null,
          1,
          null,
          null,
          1,
          null,
          1,
          null,
          1,
          null,
          null,
          null,
          null
        ]
      },
      "/Users/mac_1/Downloads/Personal/Projects/test-1-oegoau/config/initializers/application_controller_renderer.rb": {
        "lines": [
          null,
          null,
          null,
          null,
          null,
          null,
          null,
          null,
          null
        ]
      },
      "/Users/mac_1/Downloads/Personal/Projects/test-1-oegoau/config/initializers/backtrace_silencers.rb": {
        "lines": [
          null,
          null,
          null,
          null,
          null,
          null,
          null,
          null
        ]
      },
      "/Users/mac_1/Downloads/Personal/Projects/test-1-oegoau/config/initializers/cors.rb": {
        "lines": [
          null,
          null,
          null,
          null,
          null,
          null,
          null,
          null,
          null,
          1,
          1,
          1,
          1,
          null,
          null,
          null,
          null,
          null
        ]
      },
      "/Users/mac_1/Downloads/Personal/Projects/test-1-oegoau/config/initializers/devise_token_auth.rb": {
        "lines": [
          null,
          null,
          1,
          null,
          null,
          null,
          null,
          1,
          null,
          null,
          null,
          null,
          null,
          null,
          null,
          null,
          1,
          null,
          null,
          null,
          null,
          null,
          null,
          null,
          null,
          null,
          null,
          null,
          null,
          null,
          null,
          null,
          null,
          null,
          null,
          null,
          null,
          null,
          null,
          null,
          null,
          null,
          null,
          null,
          null,
          null,
          null,
          null,
          null,
          null,
          null,
          null,
          null,
          null,
          null,
          null,
          null,
          null,
          null,
          null
        ]
      },
      "/Users/mac_1/Downloads/Personal/Projects/test-1-oegoau/config/initializers/filter_parameter_logging.rb": {
        "lines": [
          null,
          null,
          null,
          null,
          null,
          1
        ]
      },
      "/Users/mac_1/Downloads/Personal/Projects/test-1-oegoau/config/initializers/inflections.rb": {
        "lines": [
          null,
          null,
          null,
          null,
          null,
          null,
          null,
          null,
          null,
          null,
          null,
          null,
          null,
          null,
          null,
          null,
          null
        ]
      },
      "/Users/mac_1/Downloads/Personal/Projects/test-1-oegoau/config/initializers/mime_types.rb": {
        "lines": [
          null,
          null,
          null,
          null,
          null
        ]
      },
      "/Users/mac_1/Downloads/Personal/Projects/test-1-oegoau/config/initializers/pagy.rb": {
        "lines": [
          null,
          null,
          1
        ]
      },
      "/Users/mac_1/Downloads/Personal/Projects/test-1-oegoau/config/initializers/wrap_parameters.rb": {
        "lines": [
          null,
          null,
          null,
          null,
          null,
          null,
          null,
          null,
          1,
          2,
          null,
          null,
          null,
          null,
          null,
          null
        ]
      },
      "/Users/mac_1/Downloads/Personal/Projects/test-1-oegoau/spec/factories/accounts.rb": {
        "lines": [
          null,
          null,
          1,
          1,
          59,
          87,
          87,
          1,
          null,
          null
        ]
      },
      "/Users/mac_1/Downloads/Personal/Projects/test-1-oegoau/spec/factories/transactions.rb": {
        "lines": [
          null,
          null,
          1,
          1,
          8,
          29,
          1,
          1,
          null,
          null
        ]
      },
      "/Users/mac_1/Downloads/Personal/Projects/test-1-oegoau/spec/factories/users.rb": {
        "lines": [
          null,
          null,
          1,
          1,
          96,
          96,
          96,
          96,
          null,
          null
        ]
      },
      "/Users/mac_1/Downloads/Personal/Projects/test-1-oegoau/config/routes.rb": {
        "lines": [
          null,
          null,
          1,
          1,
          null,
          null,
          1,
          1,
          1,
          1,
          1,
          null,
          null,
          1,
          null,
          null,
          null
        ]
      },
      "/Users/mac_1/Downloads/Personal/Projects/test-1-oegoau/app/models/user.rb": {
        "lines": [
          null,
          null,
          null,
          1,
          1,
          1,
          null,
          null,
          null,
          1,
          null,
          null,
          1,
          null,
          1,
          1,
          null
        ]
      },
      "/Users/mac_1/Downloads/Personal/Projects/test-1-oegoau/spec/helper.rb": {
        "lines": [
          null,
          null,
          1,
          1,
          11,
          null,
          null
        ]
      },
      "/Users/mac_1/Downloads/Personal/Projects/test-1-oegoau/app/models/account.rb": {
        "lines": [
          null,
          null,
          null,
          1,
          1,
          null,
          1,
          1,
          null,
          1,
          1,
          1,
          null,
          1,
          6,
          null,
          null
        ]
      },
      "/Users/mac_1/Downloads/Personal/Projects/test-1-oegoau/app/models/application_record.rb": {
        "lines": [
          null,
          null,
          null,
          1,
          1,
          null,
          1,
          null
        ]
      },
      "/Users/mac_1/Downloads/Personal/Projects/test-1-oegoau/app/models/concerns/pagination_handler.rb": {
        "lines": [
          null,
          null,
          1,
          null,
          1,
          1,
          null,
          1,
          1,
          5,
          5,
          null,
          null,
          null
        ]
      },
      "/Users/mac_1/Downloads/Personal/Projects/test-1-oegoau/spec/models/transaction_spec.rb": {
        "lines": [
          null,
          null,
          1,
          null,
          1,
          8,
          null,
          1,
          2,
          2,
          null,
          null,
          1,
          2,
          2,
          1,
          1,
          null,
          null,
          null,
          null,
          1,
          2,
          2,
          null,
          null
        ]
      },
      "/Users/mac_1/Downloads/Personal/Projects/test-1-oegoau/app/models/transaction.rb": {
        "lines": [
          null,
          null,
          null,
          1,
          1,
          null,
          1,
          1,
          null,
          1,
          1,
          1,
          null,
          1,
          1,
          null
        ]
      },
      "/Users/mac_1/Downloads/Personal/Projects/test-1-oegoau/spec/models/user_spec.rb": {
        "lines": [
          null,
          null,
          1,
          null,
          1,
          4,
          null,
          1,
          2,
          null,
          null,
          1,
          2,
          2,
          null,
          null
        ]
      },
      "/Users/mac_1/Downloads/Personal/Projects/test-1-oegoau/spec/requests/api/v1/accounts/balance_request_spec.rb": {
        "lines": [
          null,
          null,
          1,
          null,
          1,
          1,
          1,
          4,
          null,
          null,
          null,
          3,
          3,
          5,
          5,
          null,
          1,
          3,
          null,
          2,
          1,
          1,
          null,
          null,
          null,
          null,
          null,
          1,
          2,
          2,
          null,
          null,
          null
        ]
      },
      "/Users/mac_1/Downloads/Personal/Projects/test-1-oegoau/app/controllers/api/v1/accounts/balance_controller.rb": {
        "lines": [
          null,
          null,
          1,
          1,
          1,
          null,
          1,
          1,
          2,
          null,
          null,
          1,
          null,
          1,
          2,
          null,
          null,
          1,
          2,
          null,
          null,
          null,
          null,
          null
        ]
      },
      "/Users/mac_1/Downloads/Personal/Projects/test-1-oegoau/app/controllers/api/v1/base_controller.rb": {
        "lines": [
          null,
          null,
          1,
          1,
          1,
          1,
          null,
          null,
          null
        ]
      },
      "/Users/mac_1/Downloads/Personal/Projects/test-1-oegoau/app/controllers/application_controller.rb": {
        "lines": [
          null,
          null,
          null,
          1,
          1,
          1,
          null,
          1,
          null,
          1,
          null,
          1,
          0,
          0,
          null,
          null
        ]
      },
      "/Users/mac_1/Downloads/Personal/Projects/test-1-oegoau/app/controllers/concerns/exception_handler.rb": {
        "lines": [
          null,
          null,
          null,
          1,
          1,
          null,
          1,
          1,
          0,
          null,
          null,
          1,
          0,
          null,
          null,
          1,
          0,
          null,
          null,
          null
        ]
      },
      "/Users/mac_1/Downloads/Personal/Projects/test-1-oegoau/spec/requests/api/v1/accounts/transaction_history_controller_spec.rb": {
        "lines": [
          null,
          null,
          1,
          null,
          1,
          1,
          1,
          7,
          null,
          null,
          null,
          6,
          6,
          8,
          1,
          7,
          null,
          null,
          null,
          null,
          null,
          1,
          7,
          null,
          null,
          null,
          null,
          null,
          1,
          7,
          null,
          null,
          null,
          null,
          null,
          1,
          7,
          null,
          null,
          1,
          3,
          null,
          2,
          1,
          1,
          null,
          null,
          null,
          null,
          null,
          1,
          1,
          3,
          null,
          null,
          1,
          2,
          null,
          null,
          2,
          2,
          2,
          1,
          1,
          null,
          null,
          null,
          null,
          1,
          1,
          null,
          null,
          null,
          null,
          null,
          null
        ]
      },
      "/Users/mac_1/Downloads/Personal/Projects/test-1-oegoau/app/controllers/api/v1/accounts/transaction_history_controller.rb": {
        "lines": [
          null,
          null,
          1,
          1,
          1,
          null,
          1,
          1,
          5,
          null,
          null,
          null,
          null,
          null,
          null,
          1,
          null,
          1,
          10,
          null,
          null,
          null,
          null,
          null,
          1,
          0,
          null,
          null,
          null,
          null,
          null
        ]
      },
      "/Users/mac_1/Downloads/Personal/Projects/test-1-oegoau/spec/requests/api/v1/accounts_request_spec.rb": {
        "lines": [
          null,
          null,
          1,
          null,
          1,
          1,
          1,
          8,
          null,
          null,
          7,
          7,
          8,
          1,
          null,
          8,
          null,
          null,
          null,
          null,
          null,
          1,
          3,
          null,
          1,
          2,
          null,
          null,
          2,
          1,
          1,
          null,
          null,
          null,
          null,
          null,
          1,
          1,
          null,
          1,
          6,
          null,
          null,
          1,
          2,
          null,
          null,
          1,
          4,
          null,
          2,
          2,
          2,
          2,
          2,
          null,
          null,
          1,
          2,
          null,
          1,
          null,
          null,
          null,
          null
        ]
      },
      "/Users/mac_1/Downloads/Personal/Projects/test-1-oegoau/app/controllers/api/v1/accounts_controller.rb": {
        "lines": [
          null,
          null,
          1,
          1,
          null,
          1,
          1,
          6,
          6,
          null,
          null,
          1,
          null,
          1,
          6,
          null,
          null,
          null,
          null
        ]
      },
      "/Users/mac_1/Downloads/Personal/Projects/test-1-oegoau/spec/requests/api/v1/transactions_request_spec.rb": {
        "lines": [
          null,
          null,
          1,
          null,
          1,
          1,
          1,
          12,
          null,
          null,
          11,
          11,
          13,
          13,
          12,
          13,
          12,
          12,
          1,
          null,
          12,
          null,
          null,
          null,
          null,
          null,
          null,
          null,
          null,
          1,
          3,
          null,
          1,
          2,
          null,
          null,
          2,
          1,
          1,
          null,
          null,
          null,
          null,
          null,
          1,
          4,
          null,
          1,
          10,
          null,
          10,
          10,
          null,
          null,
          1,
          6,
          null,
          null,
          1,
          2,
          2,
          2,
          2,
          2,
          2,
          2,
          null,
          null,
          1,
          2,
          1,
          null,
          null,
          1,
          2,
          1,
          null,
          null,
          1,
          2,
          1,
          null,
          null,
          null,
          null
        ]
      },
      "/Users/mac_1/Downloads/Personal/Projects/test-1-oegoau/app/controllers/api/v1/transactions_controller.rb": {
        "lines": [
          null,
          null,
          1,
          1,
          null,
          1,
          1,
          10,
          10,
          null,
          null,
          1,
          null,
          1,
          10,
          null,
          null,
          null,
          null,
          null
        ]
      },
      "/Users/mac_1/Downloads/Personal/Projects/test-1-oegoau/app/collections/transactions_collection.rb": {
        "lines": [
          null,
          null,
          null,
          1,
          1,
          5,
          null,
          null,
          1,
          null,
          1,
          5,
          5,
          null,
          null,
          null,
          1,
          5,
          null,
          null
        ]
      },
      "/Users/mac_1/Downloads/Personal/Projects/test-1-oegoau/app/collections/base_collection.rb": {
        "lines": [
          null,
          null,
          null,
          1,
          1,
          1,
          1,
          1,
          null,
          1,
          null,
          1,
          5,
          5,
          null,
          null,
          1,
          10,
          5,
          5,
          5,
          null,
          null,
          null,
          1,
          null,
          1,
          10,
          null,
          null,
          1,
          5,
          5,
          null,
          null,
          null,
          null,
          null,
          1,
          5,
          null,
          null,
          null,
          1,
          null,
          1,
          0,
          null,
          null
        ]
      },
      "/Users/mac_1/Downloads/Personal/Projects/test-1-oegoau/app/serializers/transaction_serializer.rb": {
        "lines": [
          null,
          null,
          1,
          1,
          null,
          null,
          1,
          10,
          null,
          null,
          1,
          10,
          null,
          null
        ]
      },
      "/Users/mac_1/Downloads/Personal/Projects/test-1-oegoau/app/services/accounts/create.rb": {
        "lines": [
          null,
          null,
          1,
          null,
          1,
          1,
          null,
          1,
          null,
          1,
          6,
          null,
          null,
          1,
          6,
          6,
          6,
          null,
          null,
          1,
          6,
          6,
          5,
          null,
          null,
          null,
          1,
          null,
          1,
          6,
          null,
          null,
          null,
          null,
          null,
          1,
          6,
          6,
          null,
          6,
          null,
          null,
          6,
          null,
          null,
          null
        ]
      },
      "/Users/mac_1/Downloads/Personal/Projects/test-1-oegoau/app/services/response_handler.rb": {
        "lines": [
          null,
          null,
          null,
          1,
          1,
          16,
          null,
          4,
          4,
          null,
          null,
          1,
          null,
          16,
          null,
          16,
          null,
          null,
          null,
          1,
          0,
          null,
          null,
          1,
          0,
          null,
          null
        ]
      },
      "/Users/mac_1/Downloads/Personal/Projects/test-1-oegoau/app/services/transactions/create.rb": {
        "lines": [
          null,
          null,
          1,
          null,
          1,
          1,
          null,
          1,
          null,
          1,
          10,
          null,
          null,
          1,
          10,
          10,
          10,
          null,
          null,
          1,
          10,
          null,
          10,
          10,
          10,
          10,
          8,
          7,
          null,
          null,
          null,
          7,
          null,
          null,
          null,
          1,
          null,
          1,
          23,
          null,
          null,
          1,
          7,
          null,
          null,
          1,
          null,
          10,
          null,
          null,
          null,
          null,
          null,
          null,
          1,
          26,
          null,
          null,
          1,
          23,
          null,
          null,
          1,
          8,
          null,
          null,
          1,
          7,
          null,
          null,
          null
        ]
      }
    },
    "timestamp": 1647272951
  }
}
